[0m08:52:44.687552 [debug] [MainThread]: Sending event: {'category': 'dbt', 'action': 'invocation', 'label': 'start', 'context': [<snowplow_tracker.self_describing_json.SelfDescribingJson object at 0x104a717b0>, <snowplow_tracker.self_describing_json.SelfDescribingJson object at 0x1067a9a50>, <snowplow_tracker.self_describing_json.SelfDescribingJson object at 0x1067a9600>]}


============================== 08:52:44.690405 | 3aeaee13-689a-40cd-bbef-8b81cc87e27f ==============================
[0m08:52:44.690405 [info ] [MainThread]: Running with dbt=1.11.2
[0m08:52:44.690771 [debug] [MainThread]: running dbt with arguments {'warn_error': 'None', 'empty': 'None', 'version_check': 'True', 'printer_width': '80', 'partial_parse': 'True', 'quiet': 'False', 'introspect': 'True', 'cache_selected_only': 'False', 'log_format': 'default', 'no_print': 'None', 'write_json': 'True', 'fail_fast': 'False', 'target_path': 'None', 'indirect_selection': 'eager', 'invocation_command': 'dbt init', 'log_cache_events': 'False', 'send_anonymous_usage_stats': 'True', 'static_parser': 'True', 'use_colors': 'True', 'profiles_dir': '/Users/rttrif/.dbt', 'log_path': 'logs', 'warn_error_options': 'WarnErrorOptionsV2(error=[], warn=[], silence=[])', 'use_experimental_parser': 'False', 'debug': 'False'}
[0m08:53:08.376781 [debug] [MainThread]: Starter project path: /Users/rttrif/dbt_venv/lib/python3.10/site-packages/dbt/include/starter_project
[0m08:53:08.389118 [info ] [MainThread]: 
Your new dbt project "dbt_stepik" was created!

For more information on how to configure the profiles.yml file,
please consult the dbt documentation here:

  https://docs.getdbt.com/docs/configure-your-profile

One more thing:

Need help? Don't hesitate to reach out to us via GitHub issues or on Slack:

  https://community.getdbt.com/

Happy modeling!

[0m08:53:08.390397 [info ] [MainThread]: Setting up your profile.
[0m08:56:35.195624 [info ] [MainThread]: Profile dbt_stepik written to /Users/rttrif/.dbt/profiles.yml using target's profile_template.yml and your supplied values. Run 'dbt debug' to validate the connection.
[0m08:56:35.205744 [debug] [MainThread]: Resource report: {"command_name": "init", "command_success": true, "command_wall_clock_time": 230.56682, "process_in_blocks": "0", "process_kernel_time": 0.209664, "process_mem_max_rss": "103858176", "process_out_blocks": "0", "process_user_time": 0.905118}
[0m08:56:35.207186 [debug] [MainThread]: Command `dbt init` succeeded at 08:56:35.206863 after 230.57 seconds
[0m08:56:35.208373 [debug] [MainThread]: Sending event: {'category': 'dbt', 'action': 'invocation', 'label': 'end', 'context': [<snowplow_tracker.self_describing_json.SelfDescribingJson object at 0x104a717b0>, <snowplow_tracker.self_describing_json.SelfDescribingJson object at 0x107492260>, <snowplow_tracker.self_describing_json.SelfDescribingJson object at 0x107492b60>]}
[0m08:56:35.209322 [debug] [MainThread]: Flushing usage events
[0m08:56:36.274795 [debug] [MainThread]: An error was encountered while trying to flush usage events
